#
# There is insufficient memory for the Java Runtime Environment to continue.
# Native memory allocation (mmap) failed to map 16777216 bytes for G1 virtual space
# Possible reasons:
#   The system is out of physical RAM or swap space
#   The process is running with CompressedOops enabled, and the Java Heap may be blocking the growth of the native heap
# Possible solutions:
#   Reduce memory load on the system
#   Increase physical memory or swap space
#   Check if swap backing store is full
#   Decrease Java heap size (-Xmx/-Xms)
#   Decrease number of Java threads
#   Decrease Java thread stack sizes (-Xss)
#   Set larger code cache with -XX:ReservedCodeCacheSize=
#   JVM is running with Unscaled Compressed Oops mode in which the Java heap is
#     placed in the first 4GB address space. The Java Heap base address is the
#     maximum limit for the native heap growth. Please use -XX:HeapBaseMinAddress
#     to set the Java Heap base and to place the Java Heap above 4GB virtual address.
# This output file may be truncated or incomplete.
#
#  Out of Memory Error (os_windows.cpp:3550), pid=8912, tid=14052
#
# JRE version: Java(TM) SE Runtime Environment (17.0.6+9) (build 17.0.6+9-LTS-190)
# Java VM: Java HotSpot(TM) 64-Bit Server VM (17.0.6+9-LTS-190, mixed mode, sharing, tiered, compressed oops, compressed class ptrs, g1 gc, windows-amd64)
# No core dump will be written. Minidumps are not enabled by default on client versions of Windows
#

---------------  S U M M A R Y ------------

Command Line: -javaagent:D:\jee-2023-06\eclipse\configuration\org.eclipse.osgi\926\0\.cp\jacocoagent.jar=includes=*,excludes=,exclclassloader=sun.reflect.DelegatingClassLoader,output=tcpclient,port=49948 -Dfile.encoding=UTF-8 -XX:+ShowCodeDetailsInExceptionMessages com.shopeeClone.shopeeClone.ShopeeCloneApplication

Host: 11th Gen Intel(R) Core(TM) i3-1115G4 @ 3.00GHz, 4 cores, 7G,  Windows 10 , 64 bit Build 19041 (10.0.19041.3155)
Time: Mon Aug 14 15:49:07 2023 SE Asia Standard Time elapsed time: 7.184719 seconds (0d 0h 0m 7s)

---------------  T H R E A D  ---------------

Current thread (0x0000022276bc90e0):  VMThread "VM Thread" [stack: 0x000000a355600000,0x000000a355700000] [id=14052]

Stack: [0x000000a355600000,0x000000a355700000]
Native frames: (J=compiled Java code, j=interpreted, Vv=VM code, C=native code)
V  [jvm.dll+0x6734ea]
V  [jvm.dll+0x7d18f4]
V  [jvm.dll+0x7d309e]
V  [jvm.dll+0x7d3703]
V  [jvm.dll+0x2433c5]
V  [jvm.dll+0x6703f9]
V  [jvm.dll+0x664d32]
V  [jvm.dll+0x300086]
V  [jvm.dll+0x307606]
V  [jvm.dll+0x356c1e]
V  [jvm.dll+0x356e4f]
V  [jvm.dll+0x2d72e8]
V  [jvm.dll+0x2d57e5]
V  [jvm.dll+0x2d4dec]
V  [jvm.dll+0x31837b]
V  [jvm.dll+0x7d7f0b]
V  [jvm.dll+0x7d8c44]
V  [jvm.dll+0x7d915d]
V  [jvm.dll+0x7d9534]
V  [jvm.dll+0x7d9600]
V  [jvm.dll+0x781a7a]
V  [jvm.dll+0x672375]
C  [ucrtbase.dll+0x21bb2]
C  [KERNEL32.DLL+0x17614]
C  [ntdll.dll+0x526b1]

VM_Operation (0x000000a3569f6670): G1CollectForAllocation, mode: safepoint, requested by thread 0x000002227983f230


---------------  P R O C E S S  ---------------

Threads class SMR info:
_java_thread_list=0x000002227a3b27a0, length=20, elements={
0x000002225950eb70, 0x0000022276bcdad0, 0x0000022276bce830, 0x0000022276be0360,
0x0000022276be0830, 0x0000022276be35a0, 0x0000022276be4300, 0x0000022276bf0cb0,
0x0000022276bf21d0, 0x0000022276bfa6d0, 0x000002227783e010, 0x0000022277b94f40,
0x0000022277bd6e00, 0x000002225950f930, 0x000002227983ed60, 0x000002227983f230,
0x000002227983e3c0, 0x00000222798413e0, 0x00000222798418b0, 0x000002227983f700
}

Java Threads: ( => current thread )
  0x000002225950eb70 JavaThread "main" [_thread_blocked, id=7592, stack(0x000000a355000000,0x000000a355100000)]
  0x0000022276bcdad0 JavaThread "Reference Handler" daemon [_thread_blocked, id=11028, stack(0x000000a355700000,0x000000a355800000)]
  0x0000022276bce830 JavaThread "Finalizer" daemon [_thread_blocked, id=2756, stack(0x000000a355800000,0x000000a355900000)]
  0x0000022276be0360 JavaThread "Signal Dispatcher" daemon [_thread_blocked, id=13668, stack(0x000000a355900000,0x000000a355a00000)]
  0x0000022276be0830 JavaThread "Attach Listener" daemon [_thread_blocked, id=1780, stack(0x000000a355a00000,0x000000a355b00000)]
  0x0000022276be35a0 JavaThread "Service Thread" daemon [_thread_blocked, id=14080, stack(0x000000a355b00000,0x000000a355c00000)]
  0x0000022276be4300 JavaThread "Monitor Deflation Thread" daemon [_thread_blocked, id=11056, stack(0x000000a355c00000,0x000000a355d00000)]
  0x0000022276bf0cb0 JavaThread "C2 CompilerThread0" daemon [_thread_in_native, id=6008, stack(0x000000a355d00000,0x000000a355e00000)]
  0x0000022276bf21d0 JavaThread "C1 CompilerThread0" daemon [_thread_blocked, id=11932, stack(0x000000a355e00000,0x000000a355f00000)]
  0x0000022276bfa6d0 JavaThread "Sweeper thread" daemon [_thread_blocked, id=8624, stack(0x000000a355f00000,0x000000a356000000)]
  0x000002227783e010 JavaThread "Common-Cleaner" daemon [_thread_blocked, id=9188, stack(0x000000a356000000,0x000000a356100000)]
  0x0000022277b94f40 JavaThread "org.jacoco.agent.rt.internal_4a7f17c.output.TcpClientOutput" daemon [_thread_in_native, id=6200, stack(0x000000a356100000,0x000000a356200000)]
  0x0000022277bd6e00 JavaThread "Notification Thread" daemon [_thread_blocked, id=14164, stack(0x000000a356200000,0x000000a356300000)]
  0x000002225950f930 JavaThread "C2 CompilerThread1" daemon [_thread_blocked, id=13984, stack(0x000000a356400000,0x000000a356500000)]
  0x000002227983ed60 JavaThread "Thread-2" [_thread_blocked, id=12880, stack(0x000000a356800000,0x000000a356900000)]
  0x000002227983f230 JavaThread "restartedMain" [_thread_blocked, id=4036, stack(0x000000a356900000,0x000000a356a00000)]
  0x000002227983e3c0 JavaThread "Catalina-utility-1" [_thread_blocked, id=2148, stack(0x000000a356a00000,0x000000a356b00000)]
  0x00000222798413e0 JavaThread "Catalina-utility-2" [_thread_blocked, id=12888, stack(0x000000a356b00000,0x000000a356c00000)]
  0x00000222798418b0 JavaThread "container-0" [_thread_blocked, id=1092, stack(0x000000a356c00000,0x000000a356d00000)]
  0x000002227983f700 JavaThread "mysql-cj-abandoned-connection-cleanup" daemon [_thread_blocked, id=9960, stack(0x000000a356d00000,0x000000a356e00000)]

Other Threads:
=>0x0000022276bc90e0 VMThread "VM Thread" [stack: 0x000000a355600000,0x000000a355700000] [id=14052]
  0x0000022277e07560 WatcherThread [stack: 0x000000a356300000,0x000000a356400000] [id=3412]
  0x0000022259565540 GCTaskThread "GC Thread#0" [stack: 0x000000a355100000,0x000000a355200000] [id=11348]
  0x0000022277e395b0 GCTaskThread "GC Thread#1" [stack: 0x000000a356500000,0x000000a356600000] [id=14016]
  0x0000022278029890 GCTaskThread "GC Thread#2" [stack: 0x000000a356600000,0x000000a356700000] [id=14084]
  0x0000022277e30bd0 GCTaskThread "GC Thread#3" [stack: 0x000000a356700000,0x000000a356800000] [id=12708]
  0x0000022259576420 ConcurrentGCThread "G1 Main Marker" [stack: 0x000000a355200000,0x000000a355300000] [id=12036]
  0x0000022259576e30 ConcurrentGCThread "G1 Conc#0" [stack: 0x000000a355300000,0x000000a355400000] [id=9640]
  0x00000222595dd580 ConcurrentGCThread "G1 Refine#0" [stack: 0x000000a355400000,0x000000a355500000] [id=9012]
  0x0000022276a76210 ConcurrentGCThread "G1 Service" [stack: 0x000000a355500000,0x000000a355600000] [id=13224]

Threads with active compile tasks:
C2 CompilerThread0     7208 5789 %     4       org.jacoco.agent.rt.internal_4a7f17c.asm.ClassReader::readCode @ 1561 (5117 bytes)
C2 CompilerThread1     7208 4879       4       org.springframework.core.ResolvableType::<init> (57 bytes)

VM state: at safepoint (normal execution)

VM Mutex/Monitor currently owned by a thread:  ([mutex/lock_event])
[0x000002225950a900] Threads_lock - owner thread: 0x0000022276bc90e0
[0x000002225950af30] Heap_lock - owner thread: 0x000002227983f230

Heap address: 0x0000000084000000, size: 1984 MB, Compressed Oops mode: 32-bit

CDS archive(s) mapped at: [0x0000000800000000-0x0000000800bd0000-0x0000000800bd0000), size 12386304, SharedBaseAddress: 0x0000000800000000, ArchiveRelocationMode: 0.
Compressed class space mapped at: 0x0000000800c00000-0x0000000840c00000, reserved size: 1073741824
Narrow klass base: 0x0000000800000000, Narrow klass shift: 0, Narrow klass range: 0x100000000

GC Precious Log:
 CPUs: 4 total, 4 available
 Memory: 7934M
 Large Page Support: Disabled
 NUMA Support: Disabled
 Compressed Oops: Enabled (32-bit)
 Heap Region Size: 1M
 Heap Min Capacity: 8M
 Heap Initial Capacity: 124M
 Heap Max Capacity: 1984M
 Pre-touch: Disabled
 Parallel Workers: 4
 Concurrent Workers: 1
 Concurrent Refinement Workers: 4
 Periodic GC: Disabled

Heap:
 garbage-first heap   total 79872K, used 25516K [0x0000000084000000, 0x0000000100000000)
  region size 1024K, 4 young (4096K), 4 survivors (4096K)
 Metaspace       used 44340K, committed 44800K, reserved 1089536K
  class space    used 5093K, committed 5312K, reserved 1048576K

Heap Regions: E=young(eden), S=young(survivor), O=old, HS=humongous(starts), HC=humongous(continues), CS=collection set, F=free, OA=open archive, CA=closed archive, TAMS=top-at-mark-start (previous, next)
|   0|0x0000000084000000, 0x0000000084100000, 0x0000000084100000|100%|HS|  |TAMS 0x0000000084100000, 0x0000000084000000| Complete 
|   1|0x0000000084100000, 0x0000000084200000, 0x0000000084200000|100%| O|  |TAMS 0x0000000084200000, 0x0000000084100000| Untracked 
|   2|0x0000000084200000, 0x0000000084300000, 0x0000000084300000|100%| O|  |TAMS 0x0000000084300000, 0x0000000084200000| Untracked 
|   3|0x0000000084300000, 0x0000000084400000, 0x0000000084400000|100%| O|  |TAMS 0x0000000084400000, 0x0000000084300000| Untracked 
|   4|0x0000000084400000, 0x0000000084500000, 0x0000000084500000|100%| O|  |TAMS 0x0000000084500000, 0x0000000084400000| Untracked 
|   5|0x0000000084500000, 0x0000000084600000, 0x0000000084600000|100%| O|  |TAMS 0x0000000084600000, 0x0000000084500000| Untracked 
|   6|0x0000000084600000, 0x0000000084700000, 0x0000000084700000|100%| O|  |TAMS 0x0000000084700000, 0x0000000084600000| Untracked 
|   7|0x0000000084700000, 0x0000000084800000, 0x0000000084800000|100%| O|  |TAMS 0x0000000084800000, 0x0000000084700000| Untracked 
|   8|0x0000000084800000, 0x00000000848fb800, 0x0000000084900000| 98%| O|  |TAMS 0x00000000848fb800, 0x0000000084800000| Untracked 
|   9|0x0000000084900000, 0x0000000084a00000, 0x0000000084a00000|100%| O|  |TAMS 0x0000000084a00000, 0x0000000084900000| Untracked 
|  10|0x0000000084a00000, 0x0000000084b00000, 0x0000000084b00000|100%| O|  |TAMS 0x0000000084b00000, 0x0000000084a00000| Untracked 
|  11|0x0000000084b00000, 0x0000000084c00000, 0x0000000084c00000|100%| O|  |TAMS 0x0000000084c00000, 0x0000000084b00000| Untracked 
|  12|0x0000000084c00000, 0x0000000084d00000, 0x0000000084d00000|100%| O|  |TAMS 0x0000000084d00000, 0x0000000084c00000| Untracked 
|  13|0x0000000084d00000, 0x0000000084e00000, 0x0000000084e00000|100%| O|  |TAMS 0x0000000084e00000, 0x0000000084d00000| Untracked 
|  14|0x0000000084e00000, 0x0000000084f00000, 0x0000000084f00000|100%| O|  |TAMS 0x0000000084f00000, 0x0000000084e00000| Untracked 
|  15|0x0000000084f00000, 0x0000000085000000, 0x0000000085000000|100%| O|  |TAMS 0x0000000085000000, 0x0000000084f00000| Untracked 
|  16|0x0000000085000000, 0x0000000085100000, 0x0000000085100000|100%| O|  |TAMS 0x00000000850f4a00, 0x0000000085000000| Untracked 
|  17|0x0000000085100000, 0x0000000085200000, 0x0000000085200000|100%| O|  |TAMS 0x0000000085100000, 0x0000000085100000| Untracked 
|  18|0x0000000085200000, 0x0000000085300000, 0x0000000085300000|100%| O|  |TAMS 0x0000000085200000, 0x0000000085200000| Untracked 
|  19|0x0000000085300000, 0x0000000085400000, 0x0000000085400000|100%| O|  |TAMS 0x0000000085300000, 0x0000000085300000| Untracked 
|  20|0x0000000085400000, 0x0000000085500000, 0x0000000085500000|100%| O|  |TAMS 0x0000000085400000, 0x0000000085400000| Untracked 
|  21|0x0000000085500000, 0x00000000855a1e08, 0x0000000085600000| 63%| O|  |TAMS 0x0000000085500000, 0x0000000085500000| Untracked 
|  22|0x0000000085600000, 0x0000000085600000, 0x0000000085700000|  0%| F|  |TAMS 0x0000000085600000, 0x0000000085600000| Untracked 
|  23|0x0000000085700000, 0x0000000085700000, 0x0000000085800000|  0%| F|  |TAMS 0x0000000085700000, 0x0000000085700000| Untracked 
|  24|0x0000000085800000, 0x0000000085800000, 0x0000000085900000|  0%| F|  |TAMS 0x0000000085800000, 0x0000000085800000| Untracked 
|  25|0x0000000085900000, 0x0000000085900000, 0x0000000085a00000|  0%| F|  |TAMS 0x0000000085900000, 0x0000000085900000| Untracked 
|  26|0x0000000085a00000, 0x0000000085a00000, 0x0000000085b00000|  0%| F|  |TAMS 0x0000000085a00000, 0x0000000085a00000| Untracked 
|  27|0x0000000085b00000, 0x0000000085b00000, 0x0000000085c00000|  0%| F|  |TAMS 0x0000000085b00000, 0x0000000085b00000| Untracked 
|  28|0x0000000085c00000, 0x0000000085c00000, 0x0000000085d00000|  0%| F|  |TAMS 0x0000000085c00000, 0x0000000085c00000| Untracked 
|  29|0x0000000085d00000, 0x0000000085d4dc10, 0x0000000085e00000| 30%| S|CS|TAMS 0x0000000085d00000, 0x0000000085d00000| Complete 
|  30|0x0000000085e00000, 0x0000000085e00000, 0x0000000085f00000|  0%| F|  |TAMS 0x0000000085e00000, 0x0000000085e00000| Untracked 
|  31|0x0000000085f00000, 0x0000000085f00000, 0x0000000086000000|  0%| F|  |TAMS 0x0000000085f00000, 0x0000000085f00000| Untracked 
|  32|0x0000000086000000, 0x0000000086000000, 0x0000000086100000|  0%| F|  |TAMS 0x0000000086000000, 0x0000000086000000| Untracked 
|  33|0x0000000086100000, 0x0000000086100000, 0x0000000086200000|  0%| F|  |TAMS 0x0000000086100000, 0x0000000086100000| Untracked 
|  34|0x0000000086200000, 0x0000000086300000, 0x0000000086300000|100%| S|CS|TAMS 0x0000000086200000, 0x0000000086200000| Complete 
|  35|0x0000000086300000, 0x0000000086400000, 0x0000000086400000|100%| S|CS|TAMS 0x0000000086300000, 0x0000000086300000| Complete 
|  36|0x0000000086400000, 0x0000000086500000, 0x0000000086500000|100%| S|CS|TAMS 0x0000000086400000, 0x0000000086400000| Complete 
|  37|0x0000000086500000, 0x0000000086500000, 0x0000000086600000|  0%| F|  |TAMS 0x0000000086500000, 0x0000000086500000| Untracked 
|  38|0x0000000086600000, 0x0000000086600000, 0x0000000086700000|  0%| F|  |TAMS 0x0000000086600000, 0x0000000086600000| Untracked 
|  39|0x0000000086700000, 0x0000000086700000, 0x0000000086800000|  0%| F|  |TAMS 0x0000000086700000, 0x0000000086700000| Untracked 
|  40|0x0000000086800000, 0x0000000086800000, 0x0000000086900000|  0%| F|  |TAMS 0x0000000086800000, 0x0000000086800000| Untracked 
|  41|0x0000000086900000, 0x0000000086900000, 0x0000000086a00000|  0%| F|  |TAMS 0x0000000086900000, 0x0000000086900000| Untracked 
|  42|0x0000000086a00000, 0x0000000086a00000, 0x0000000086b00000|  0%| F|  |TAMS 0x0000000086a00000, 0x0000000086a00000| Untracked 
|  43|0x0000000086b00000, 0x0000000086b00000, 0x0000000086c00000|  0%| F|  |TAMS 0x0000000086b00000, 0x0000000086b00000| Untracked 
|  44|0x0000000086c00000, 0x0000000086c00000, 0x0000000086d00000|  0%| F|  |TAMS 0x0000000086c00000, 0x0000000086c00000| Untracked 
|  45|0x0000000086d00000, 0x0000000086d00000, 0x0000000086e00000|  0%| F|  |TAMS 0x0000000086d00000, 0x0000000086d00000| Untracked 
|  46|0x0000000086e00000, 0x0000000086e00000, 0x0000000086f00000|  0%| F|  |TAMS 0x0000000086e00000, 0x0000000086e00000| Untracked 
|  47|0x0000000086f00000, 0x0000000086f00000, 0x0000000087000000|  0%| F|  |TAMS 0x0000000086f00000, 0x0000000086f00000| Untracked 
|  48|0x0000000087000000, 0x0000000087000000, 0x0000000087100000|  0%| F|  |TAMS 0x0000000087000000, 0x0000000087000000| Untracked 
|  49|0x0000000087100000, 0x0000000087100000, 0x0000000087200000|  0%| F|  |TAMS 0x0000000087100000, 0x0000000087100000| Untracked 
|  50|0x0000000087200000, 0x0000000087200000, 0x0000000087300000|  0%| F|  |TAMS 0x0000000087200000, 0x0000000087200000| Untracked 
|  51|0x0000000087300000, 0x0000000087300000, 0x0000000087400000|  0%| F|  |TAMS 0x0000000087300000, 0x0000000087300000| Untracked 
|  52|0x0000000087400000, 0x0000000087400000, 0x0000000087500000|  0%| F|  |TAMS 0x0000000087400000, 0x0000000087400000| Untracked 
|  53|0x0000000087500000, 0x0000000087500000, 0x0000000087600000|  0%| F|  |TAMS 0x0000000087500000, 0x0000000087500000| Untracked 
|  54|0x0000000087600000, 0x0000000087600000, 0x0000000087700000|  0%| F|  |TAMS 0x0000000087600000, 0x0000000087600000| Untracked 
|  55|0x0000000087700000, 0x0000000087700000, 0x0000000087800000|  0%| F|  |TAMS 0x0000000087700000, 0x0000000087700000| Untracked 
|  56|0x0000000087800000, 0x0000000087800000, 0x0000000087900000|  0%| F|  |TAMS 0x0000000087800000, 0x0000000087800000| Untracked 
|  57|0x0000000087900000, 0x0000000087900000, 0x0000000087a00000|  0%| F|  |TAMS 0x0000000087900000, 0x0000000087900000| Untracked 
|  58|0x0000000087a00000, 0x0000000087a00000, 0x0000000087b00000|  0%| F|  |TAMS 0x0000000087a00000, 0x0000000087a00000| Untracked 
|  59|0x0000000087b00000, 0x0000000087b00000, 0x0000000087c00000|  0%| F|  |TAMS 0x0000000087b00000, 0x0000000087b00000| Untracked 
|  60|0x0000000087c00000, 0x0000000087c00000, 0x0000000087d00000|  0%| F|  |TAMS 0x0000000087c00000, 0x0000000087c00000| Untracked 
|  61|0x0000000087d00000, 0x0000000087d00000, 0x0000000087e00000|  0%| F|  |TAMS 0x0000000087d00000, 0x0000000087d00000| Untracked 
|  62|0x0000000087e00000, 0x0000000087e00000, 0x0000000087f00000|  0%| F|  |TAMS 0x0000000087e00000, 0x0000000087e00000| Untracked 
|  63|0x0000000087f00000, 0x0000000087f00000, 0x0000000088000000|  0%| F|  |TAMS 0x0000000087f00000, 0x0000000087f00000| Untracked 
|  64|0x0000000088000000, 0x0000000088000000, 0x0000000088100000|  0%| F|  |TAMS 0x0000000088000000, 0x0000000088000000| Untracked 
|  65|0x0000000088100000, 0x0000000088100000, 0x0000000088200000|  0%| F|  |TAMS 0x0000000088100000, 0x0000000088100000| Untracked 
|  66|0x0000000088200000, 0x0000000088200000, 0x0000000088300000|  0%| F|  |TAMS 0x0000000088200000, 0x0000000088200000| Untracked 
|  67|0x0000000088300000, 0x0000000088300000, 0x0000000088400000|  0%| F|  |TAMS 0x0000000088300000, 0x0000000088300000| Untracked 
|  68|0x0000000088400000, 0x0000000088400000, 0x0000000088500000|  0%| F|  |TAMS 0x0000000088400000, 0x0000000088400000| Untracked 
|  69|0x0000000088500000, 0x0000000088500000, 0x0000000088600000|  0%| F|  |TAMS 0x0000000088500000, 0x0000000088500000| Untracked 
|  70|0x0000000088600000, 0x0000000088600000, 0x0000000088700000|  0%| F|  |TAMS 0x0000000088600000, 0x0000000088600000| Untracked 
| 112|0x000000008b000000, 0x000000008b000000, 0x000000008b100000|  0%| F|  |TAMS 0x000000008b000000, 0x000000008b000000| Untracked 
| 113|0x000000008b100000, 0x000000008b100000, 0x000000008b200000|  0%| F|  |TAMS 0x000000008b100000, 0x000000008b100000| Untracked 
| 114|0x000000008b200000, 0x000000008b200000, 0x000000008b300000|  0%| F|  |TAMS 0x000000008b200000, 0x000000008b200000| Untracked 
| 115|0x000000008b300000, 0x000000008b300000, 0x000000008b400000|  0%| F|  |TAMS 0x000000008b300000, 0x000000008b300000| Untracked 
| 116|0x000000008b400000, 0x000000008b400000, 0x000000008b500000|  0%| F|  |TAMS 0x000000008b400000, 0x000000008b400000| Untracked 
| 147|0x000000008d300000, 0x000000008d300000, 0x000000008d400000|  0%| F|  |TAMS 0x000000008d300000, 0x000000008d300000| Untracked 
| 148|0x000000008d400000, 0x000000008d400000, 0x000000008d500000|  0%| F|  |TAMS 0x000000008d400000, 0x000000008d400000| Untracked 

Card table byte_map: [0x0000022270170000,0x0000022270550000] _byte_map_base: 0x000002226fd50000

Marking Bits (Prev, Next): (CMBitMap*) 0x0000022259565b50, (CMBitMap*) 0x0000022259565b90
 Prev Bits: [0x0000022270930000, 0x0000022272830000)
 Next Bits: [0x0000022272830000, 0x0000022274730000)

Polling page: 0x00000222574d0000

Metaspace:

Usage:
  Non-class:     38.33 MB used.
      Class:      4.97 MB used.
       Both:     43.30 MB used.

Virtual space:
  Non-class space:       40.00 MB reserved,      38.56 MB ( 96%) committed,  5 nodes.
      Class space:        1.00 GB reserved,       5.19 MB ( <1%) committed,  1 nodes.
             Both:        1.04 GB reserved,      43.75 MB (  4%) committed. 

Chunk freelists:
   Non-Class:  1.05 MB
       Class:  2.86 MB
        Both:  3.91 MB

MaxMetaspaceSize: unlimited
CompressedClassSpaceSize: 1.00 GB
Initial GC threshold: 21.00 MB
Current GC threshold: 58.88 MB
CDS: on
MetaspaceReclaimPolicy: balanced
 - commit_granule_bytes: 65536.
 - commit_granule_words: 8192.
 - virtual_space_node_default_size: 1048576.
 - enlarge_chunks_in_place: 1.
 - new_chunks_are_fully_committed: 0.
 - uncommit_free_chunks: 1.
 - use_allocation_guard: 0.
 - handle_deallocations: 1.


Internal statistics:

num_allocs_failed_limit: 6.
num_arena_births: 550.
num_arena_deaths: 0.
num_vsnodes_births: 6.
num_vsnodes_deaths: 0.
num_space_committed: 700.
num_space_uncommitted: 0.
num_chunks_returned_to_freelist: 6.
num_chunks_taken_from_freelist: 2146.
num_chunk_merges: 6.
num_chunk_splits: 1536.
num_chunks_enlarged: 1193.
num_purges: 0.
num_inconsistent_stats: 0.

CodeHeap 'non-profiled nmethods': size=120000Kb used=2801Kb max_used=2801Kb free=117198Kb
 bounds [0x0000022268860000, 0x0000022268b20000, 0x000002226fd90000]
CodeHeap 'profiled nmethods': size=120000Kb used=9555Kb max_used=9555Kb free=110444Kb
 bounds [0x0000022260d90000, 0x00000222616f0000, 0x00000222682c0000]
CodeHeap 'non-nmethods': size=5760Kb used=1578Kb max_used=1626Kb free=4181Kb
 bounds [0x00000222682c0000, 0x0000022268530000, 0x0000022268860000]
 total_blobs=5612 nmethods=4987 adapters=537
 compilation: enabled
              stopped_count=0, restarted_count=0
 full_count=0

Compilation events (20 events):
Event: 7.129 Thread 0x0000022276bf21d0 5855       1       java.lang.reflect.Method::getMethodAccessor (5 bytes)
Event: 7.129 Thread 0x0000022276bf21d0 nmethod 5855 0x0000022268b1bc90 code [0x0000022268b1be20, 0x0000022268b1bef8]
Event: 7.129 Thread 0x0000022276bf21d0 5857       2       java.lang.reflect.Method::setMethodAccessor (21 bytes)
Event: 7.129 Thread 0x0000022276bf21d0 nmethod 5857 0x00000222616e5910 code [0x00000222616e5ac0, 0x00000222616e5cc8]
Event: 7.129 Thread 0x0000022276bf21d0 5856       1       jdk.internal.reflect.NativeMethodAccessorImpl::setParent (6 bytes)
Event: 7.129 Thread 0x0000022276bf21d0 nmethod 5856 0x0000022268b1bf90 code [0x0000022268b1c120, 0x0000022268b1c238]
Event: 7.149 Thread 0x0000022276bf21d0 5859       2       java.nio.Buffer::mark (10 bytes)
Event: 7.150 Thread 0x0000022276bf21d0 nmethod 5859 0x00000222616e5e10 code [0x00000222616e5fa0, 0x00000222616e60b8]
Event: 7.153 Thread 0x0000022276bf21d0 5861       1       java.util.ResourceBundle$CacheKey::getName (5 bytes)
Event: 7.153 Thread 0x0000022276bf21d0 nmethod 5861 0x0000022268b1c290 code [0x0000022268b1c420, 0x0000022268b1c4f8]
Event: 7.155 Thread 0x0000022276bf21d0 5862       2       jdk.internal.math.FDBigInteger::mult (64 bytes)
Event: 7.155 Thread 0x0000022276bf21d0 nmethod 5862 0x00000222616e6190 code [0x00000222616e6340, 0x00000222616e6578]
Event: 7.155 Thread 0x0000022276bf21d0 5864       2       jdk.internal.math.FDBigInteger::trimLeadingZeros (57 bytes)
Event: 7.155 Thread 0x0000022276bf21d0 nmethod 5864 0x00000222616e6790 code [0x00000222616e6920, 0x00000222616e6af8]
Event: 7.155 Thread 0x0000022276bf21d0 5863       2       jdk.internal.math.FDBigInteger::<init> (30 bytes)
Event: 7.155 Thread 0x0000022276bf21d0 nmethod 5863 0x00000222616e6c10 code [0x00000222616e6dc0, 0x00000222616e6f48]
Event: 7.155 Thread 0x0000022276bf21d0 5866       2       jdk.internal.math.FDBigInteger::size (10 bytes)
Event: 7.155 Thread 0x0000022276bf21d0 nmethod 5866 0x00000222616e7010 code [0x00000222616e71a0, 0x00000222616e72b8]
Event: 7.155 Thread 0x0000022276bf21d0 5865       2       java.lang.CharacterDataLatin1::isDigit (18 bytes)
Event: 7.155 Thread 0x0000022276bf21d0 nmethod 5865 0x00000222616e7390 code [0x00000222616e7520, 0x00000222616e7658]

GC Heap History (20 events):
Event: 3.451 GC heap after
{Heap after GC invocations=12 (full 0):
 garbage-first heap   total 55296K, used 16461K [0x0000000084000000, 0x0000000100000000)
  region size 1024K, 3 young (3072K), 3 survivors (3072K)
 Metaspace       used 24857K, committed 25152K, reserved 1073152K
  class space    used 2656K, committed 2816K, reserved 1048576K
}
Event: 3.652 GC heap before
{Heap before GC invocations=12 (full 0):
 garbage-first heap   total 55296K, used 43085K [0x0000000084000000, 0x0000000100000000)
  region size 1024K, 29 young (29696K), 3 survivors (3072K)
 Metaspace       used 26026K, committed 26368K, reserved 1073152K
  class space    used 2786K, committed 2944K, reserved 1048576K
}
Event: 3.657 GC heap after
{Heap after GC invocations=13 (full 0):
 garbage-first heap   total 66560K, used 17084K [0x0000000084000000, 0x0000000100000000)
  region size 1024K, 3 young (3072K), 3 survivors (3072K)
 Metaspace       used 26026K, committed 26368K, reserved 1073152K
  class space    used 2786K, committed 2944K, reserved 1048576K
}
Event: 4.075 GC heap before
{Heap before GC invocations=13 (full 0):
 garbage-first heap   total 66560K, used 52924K [0x0000000084000000, 0x0000000100000000)
  region size 1024K, 38 young (38912K), 3 survivors (3072K)
 Metaspace       used 27708K, committed 28032K, reserved 1081344K
  class space    used 2990K, committed 3136K, reserved 1048576K
}
Event: 4.081 GC heap after
{Heap after GC invocations=14 (full 0):
 garbage-first heap   total 66560K, used 17380K [0x0000000084000000, 0x0000000100000000)
  region size 1024K, 3 young (3072K), 3 survivors (3072K)
 Metaspace       used 27708K, committed 28032K, reserved 1081344K
  class space    used 2990K, committed 3136K, reserved 1048576K
}
Event: 4.602 GC heap before
{Heap before GC invocations=14 (full 0):
 garbage-first heap   total 66560K, used 54244K [0x0000000084000000, 0x0000000100000000)
  region size 1024K, 39 young (39936K), 3 survivors (3072K)
 Metaspace       used 29426K, committed 29760K, reserved 1081344K
  class space    used 3212K, committed 3392K, reserved 1048576K
}
Event: 4.608 GC heap after
{Heap after GC invocations=15 (full 0):
 garbage-first heap   total 66560K, used 18549K [0x0000000084000000, 0x0000000100000000)
  region size 1024K, 4 young (4096K), 4 survivors (4096K)
 Metaspace       used 29426K, committed 29760K, reserved 1081344K
  class space    used 3212K, committed 3392K, reserved 1048576K
}
Event: 5.017 GC heap before
{Heap before GC invocations=15 (full 0):
 garbage-first heap   total 66560K, used 54389K [0x0000000084000000, 0x0000000100000000)
  region size 1024K, 39 young (39936K), 4 survivors (4096K)
 Metaspace       used 31735K, committed 32064K, reserved 1081344K
  class space    used 3498K, committed 3648K, reserved 1048576K
}
Event: 5.023 GC heap after
{Heap after GC invocations=16 (full 0):
 garbage-first heap   total 66560K, used 19711K [0x0000000084000000, 0x0000000100000000)
  region size 1024K, 4 young (4096K), 4 survivors (4096K)
 Metaspace       used 31735K, committed 32064K, reserved 1081344K
  class space    used 3498K, committed 3648K, reserved 1048576K
}
Event: 5.447 GC heap before
{Heap before GC invocations=16 (full 0):
 garbage-first heap   total 66560K, used 53503K [0x0000000084000000, 0x0000000100000000)
  region size 1024K, 37 young (37888K), 4 survivors (4096K)
 Metaspace       used 33795K, committed 34176K, reserved 1081344K
  class space    used 3794K, committed 3968K, reserved 1048576K
}
Event: 5.454 GC heap after
{Heap after GC invocations=17 (full 0):
 garbage-first heap   total 79872K, used 21436K [0x0000000084000000, 0x0000000100000000)
  region size 1024K, 4 young (4096K), 4 survivors (4096K)
 Metaspace       used 33795K, committed 34176K, reserved 1081344K
  class space    used 3794K, committed 3968K, reserved 1048576K
}
Event: 5.760 GC heap before
{Heap before GC invocations=17 (full 0):
 garbage-first heap   total 79872K, used 60348K [0x0000000084000000, 0x0000000100000000)
  region size 1024K, 43 young (44032K), 4 survivors (4096K)
 Metaspace       used 35559K, committed 35968K, reserved 1081344K
  class space    used 3963K, committed 4160K, reserved 1048576K
}
Event: 5.766 GC heap after
{Heap after GC invocations=18 (full 0):
 garbage-first heap   total 79872K, used 22215K [0x0000000084000000, 0x0000000100000000)
  region size 1024K, 4 young (4096K), 4 survivors (4096K)
 Metaspace       used 35559K, committed 35968K, reserved 1081344K
  class space    used 3963K, committed 4160K, reserved 1048576K
}
Event: 6.242 GC heap before
{Heap before GC invocations=19 (full 0):
 garbage-first heap   total 79872K, used 65223K [0x0000000084000000, 0x0000000100000000)
  region size 1024K, 46 young (47104K), 4 survivors (4096K)
 Metaspace       used 37430K, committed 37888K, reserved 1089536K
  class space    used 4214K, committed 4416K, reserved 1048576K
}
Event: 6.248 GC heap after
{Heap after GC invocations=20 (full 0):
 garbage-first heap   total 79872K, used 23916K [0x0000000084000000, 0x0000000100000000)
  region size 1024K, 4 young (4096K), 4 survivors (4096K)
 Metaspace       used 37430K, committed 37888K, reserved 1089536K
  class space    used 4214K, committed 4416K, reserved 1048576K
}
Event: 6.508 GC heap before
{Heap before GC invocations=20 (full 0):
 garbage-first heap   total 79872K, used 65900K [0x0000000084000000, 0x0000000100000000)
  region size 1024K, 45 young (46080K), 4 survivors (4096K)
 Metaspace       used 39485K, committed 40000K, reserved 1089536K
  class space    used 4435K, committed 4672K, reserved 1048576K
}
Event: 6.512 GC heap after
{Heap after GC invocations=21 (full 0):
 garbage-first heap   total 79872K, used 24080K [0x0000000084000000, 0x0000000100000000)
  region size 1024K, 3 young (3072K), 3 survivors (3072K)
 Metaspace       used 39485K, committed 40000K, reserved 1089536K
  class space    used 4435K, committed 4672K, reserved 1048576K
}
Event: 6.812 GC heap before
{Heap before GC invocations=21 (full 0):
 garbage-first heap   total 79872K, used 66064K [0x0000000084000000, 0x0000000100000000)
  region size 1024K, 44 young (45056K), 3 survivors (3072K)
 Metaspace       used 41884K, committed 42304K, reserved 1089536K
  class space    used 4761K, committed 4992K, reserved 1048576K
}
Event: 6.819 GC heap after
{Heap after GC invocations=22 (full 0):
 garbage-first heap   total 79872K, used 24489K [0x0000000084000000, 0x0000000100000000)
  region size 1024K, 4 young (4096K), 4 survivors (4096K)
 Metaspace       used 41884K, committed 42304K, reserved 1089536K
  class space    used 4761K, committed 4992K, reserved 1048576K
}
Event: 7.176 GC heap before
{Heap before GC invocations=22 (full 0):
 garbage-first heap   total 79872K, used 66473K [0x0000000084000000, 0x0000000100000000)
  region size 1024K, 45 young (46080K), 4 survivors (4096K)
 Metaspace       used 44340K, committed 44800K, reserved 1089536K
  class space    used 5093K, committed 5312K, reserved 1048576K
}

Deoptimization events (20 events):
Event: 7.128 Thread 0x000002227983f230 Uncommon trap: trap_request=0xffffffc6 fr.pc=0x0000022268a8c194 relative=0x0000000000000454
Event: 7.128 Thread 0x000002227983f230 Uncommon trap: reason=bimorphic_or_optimized_type_check action=maybe_recompile pc=0x0000022268a8c194 method=java.util.regex.Pattern$CharPropertyGreedy.match(Ljava/util/regex/Matcher;ILjava/lang/CharSequence;)Z @ 64 c2
Event: 7.128 Thread 0x000002227983f230 DEOPT PACKING pc=0x0000022268a8c194 sp=0x000000a3569fc680
Event: 7.128 Thread 0x000002227983f230 DEOPT UNPACKING pc=0x0000022268315ba3 sp=0x000000a3569fc600 mode 2
Event: 7.128 Thread 0x000002227983f230 Uncommon trap: trap_request=0xffffffc6 fr.pc=0x0000022268a8c194 relative=0x0000000000000454
Event: 7.128 Thread 0x000002227983f230 Uncommon trap: reason=bimorphic_or_optimized_type_check action=maybe_recompile pc=0x0000022268a8c194 method=java.util.regex.Pattern$CharPropertyGreedy.match(Ljava/util/regex/Matcher;ILjava/lang/CharSequence;)Z @ 64 c2
Event: 7.128 Thread 0x000002227983f230 DEOPT PACKING pc=0x0000022268a8c194 sp=0x000000a3569fc150
Event: 7.128 Thread 0x000002227983f230 DEOPT UNPACKING pc=0x0000022268315ba3 sp=0x000000a3569fc0d0 mode 2
Event: 7.130 Thread 0x000002227983f230 DEOPT PACKING pc=0x0000022261574342 sp=0x000000a3569f9d60
Event: 7.130 Thread 0x000002227983f230 DEOPT UNPACKING pc=0x00000222683166e3 sp=0x000000a3569f9470 mode 0
Event: 7.134 Thread 0x000002227983f230 Uncommon trap: trap_request=0xffffff45 fr.pc=0x00000222689306c0 relative=0x00000000000000c0
Event: 7.134 Thread 0x000002227983f230 Uncommon trap: reason=unstable_if action=reinterpret pc=0x00000222689306c0 method=java.net.URI.match(CJJ)Z @ 45 c2
Event: 7.134 Thread 0x000002227983f230 DEOPT PACKING pc=0x00000222689306c0 sp=0x000000a3569fc2c0
Event: 7.134 Thread 0x000002227983f230 DEOPT UNPACKING pc=0x0000022268315ba3 sp=0x000000a3569fc248 mode 2
Event: 7.160 Thread 0x000002227983f230 DEOPT PACKING pc=0x0000022261574342 sp=0x000000a3569f9ca0
Event: 7.160 Thread 0x000002227983f230 DEOPT UNPACKING pc=0x00000222683166e3 sp=0x000000a3569f93b0 mode 0
Event: 7.162 Thread 0x000002227983f230 DEOPT PACKING pc=0x00000222615754d1 sp=0x000000a3569f9ca0
Event: 7.162 Thread 0x000002227983f230 DEOPT UNPACKING pc=0x00000222683166e3 sp=0x000000a3569f93b0 mode 0
Event: 7.165 Thread 0x000002227983f230 DEOPT PACKING pc=0x0000022261574342 sp=0x000000a3569f9ca0
Event: 7.165 Thread 0x000002227983f230 DEOPT UNPACKING pc=0x00000222683166e3 sp=0x000000a3569f93b0 mode 0

Classes unloaded (0 events):
No events

Classes redefined (0 events):
No events

Internal exceptions (20 events):
Event: 5.210 Thread 0x000002227983f230 Exception <a 'java/lang/IncompatibleClassChangeError'{0x000000008709fcf0}: Found class java.lang.Object, but interface was expected> (0x000000008709fcf0) 
thrown [s\open\src\hotspot\share\interpreter\linkResolver.cpp, line 826]
Event: 5.211 Thread 0x000002227983f230 Exception <a 'java/lang/NoSuchMethodError'{0x00000000870b07b8}: 'int java.lang.invoke.DirectMethodHandle$Holder.invokeSpecialIFC(java.lang.Object, java.lang.Object, java.lang.Object)'> (0x00000000870b07b8) 
thrown [s\open\src\hotspot\share\interpreter\linkResolver.cpp, line 759]
Event: 5.212 Thread 0x000002227983f230 Exception <a 'java/lang/NoSuchMethodError'{0x00000000870be680}: 'void java.lang.invoke.DirectMethodHandle$Holder.invokeStatic(java.lang.Object, int, java.lang.Object)'> (0x00000000870be680) 
thrown [s\open\src\hotspot\share\interpreter\linkResolver.cpp, line 759]
Event: 5.218 Thread 0x000002227983f230 Exception <a 'java/lang/NoSuchMethodError'{0x00000000870ff990}: 'void java.lang.invoke.DirectMethodHandle$Holder.invokeVirtual(java.lang.Object, java.lang.Object, int)'> (0x00000000870ff990) 
thrown [s\open\src\hotspot\share\interpreter\linkResolver.cpp, line 759]
Event: 5.218 Thread 0x000002227983f230 Exception <a 'java/lang/NoSuchMethodError'{0x0000000086f06230}: 'void java.lang.invoke.DirectMethodHandle$Holder.invokeStatic(java.lang.Object, java.lang.Object, java.lang.Object, int, java.lang.Object)'> (0x0000000086f06230) 
thrown [s\open\src\hotspot\share\interpreter\linkResolver.cpp, line 759]
Event: 5.219 Thread 0x000002227983f230 Exception <a 'java/lang/NoSuchMethodError'{0x0000000086f0d738}: 'java.lang.Object java.lang.invoke.DirectMethodHandle$Holder.newInvokeSpecial(java.lang.Object, java.lang.Object, java.lang.Object, int)'> (0x0000000086f0d738) 
thrown [s\open\src\hotspot\share\interpreter\linkResolver.cpp, line 759]
Event: 5.219 Thread 0x000002227983f230 Exception <a 'java/lang/NoSuchMethodError'{0x0000000086f11a20}: 'java.lang.Object java.lang.invoke.DirectMethodHandle$Holder.invokeSpecial(java.lang.Object, java.lang.Object, java.lang.Object, java.lang.Object, int)'> (0x0000000086f11a20) 
thrown [s\open\src\hotspot\share\interpreter\linkResolver.cpp, line 759]
Event: 5.219 Thread 0x000002227983f230 Exception <a 'java/lang/NoSuchMethodError'{0x0000000086f155e8}: 'java.lang.Object java.lang.invoke.Invokers$Holder.linkToTargetMethod(java.lang.Object, java.lang.Object, int, java.lang.Object)'> (0x0000000086f155e8) 
thrown [s\open\src\hotspot\share\interpreter\linkResolver.cpp, line 759]
Event: 5.344 Thread 0x000002227983f230 Exception <a 'java/lang/NoSuchMethodError'{0x000000008667bc50}: 'java.lang.Object java.lang.invoke.DirectMethodHandle$Holder.invokeStaticInit(java.lang.Object, int, int, int, int)'> (0x000000008667bc50) 
thrown [s\open\src\hotspot\share\interpreter\linkResolver.cpp, line 759]
Event: 5.404 Thread 0x000002227983f230 Exception <a 'java/lang/NoSuchMethodError'{0x00000000866f1930}: 'java.lang.Object java.lang.invoke.DirectMethodHandle$Holder.invokeStaticInit(java.lang.Object, java.lang.Object, int, int, int, int)'> (0x00000000866f1930) 
thrown [s\open\src\hotspot\share\interpreter\linkResolver.cpp, line 759]
Event: 5.702 Thread 0x000002227983f230 Exception <a 'sun/nio/fs/WindowsException'{0x0000000086fbe4c0}> (0x0000000086fbe4c0) 
thrown [s\open\src\hotspot\share\prims\jni.cpp, line 516]
Event: 5.703 Thread 0x000002227983f230 Exception <a 'sun/nio/fs/WindowsException'{0x0000000086fc3f40}> (0x0000000086fc3f40) 
thrown [s\open\src\hotspot\share\prims\jni.cpp, line 516]
Event: 5.703 Thread 0x000002227983f230 Exception <a 'sun/nio/fs/WindowsException'{0x0000000086fc4620}> (0x0000000086fc4620) 
thrown [s\open\src\hotspot\share\prims\jni.cpp, line 516]
Event: 5.754 Thread 0x000002227983f230 Exception <a 'java/lang/NoSuchMethodError'{0x00000000869b8278}: 'java.lang.Object java.lang.invoke.DirectMethodHandle$Holder.invokeSpecial(java.lang.Object, java.lang.Object, long, java.lang.Object, java.lang.Object, java.lang.Object, java.lang.Object, java.lang.Object, java.lang.Object)'> (0x00000000869b8278) 
thrown [s\open\src\hotspot\share\interpreter\linkResolver.cpp, line 759]
Event: 5.754 Thread 0x000002227983f230 Exception <a 'java/lang/NoSuchMethodError'{0x00000000869bcda0}: 'java.lang.Object java.lang.invoke.DelegatingMethodHandle$Holder.reinvoke_L(java.lang.Object, long, java.lang.Object, java.lang.Object, java.lang.Object, java.lang.Object, java.lang.Object, java.lang.Object)'> (0x00000000869bcda0) 
thrown [s\open\src\hotspot\share\interpreter\linkResolver.cpp, line 759]
Event: 5.857 Thread 0x000002227983f230 Exception <a 'java/io/FileNotFoundException'{0x000000008859e4b0}> (0x000000008859e4b0) 
thrown [s\open\src\hotspot\share\prims\jni.cpp, line 516]
Event: 5.890 Thread 0x000002227983f230 Exception <a 'java/lang/NoSuchMethodError'{0x000000008810faa0}: 'int java.lang.invoke.DirectMethodHandle$Holder.invokeInterface(java.lang.Object, java.lang.Object, java.lang.Object, java.lang.Object)'> (0x000000008810faa0) 
thrown [s\open\src\hotspot\share\interpreter\linkResolver.cpp, line 759]
Event: 6.008 Thread 0x000002227983f230 Exception <a 'java/lang/NoSuchMethodError'{0x000000008789a4d0}: 'long java.lang.invoke.DirectMethodHandle$Holder.invokeVirtual(java.lang.Object, java.lang.Object)'> (0x000000008789a4d0) 
thrown [s\open\src\hotspot\share\interpreter\linkResolver.cpp, line 759]
Event: 6.016 Thread 0x000002227983f230 Exception <a 'java/io/FileNotFoundException'{0x000000008776cae8}> (0x000000008776cae8) 
thrown [s\open\src\hotspot\share\prims\jni.cpp, line 516]
Event: 6.202 Thread 0x000002227983f230 Implicit null exception at 0x0000022268898f93 to 0x00000222688991b4

VM Operations (20 events):
Event: 5.803 Executing VM operation: G1Concurrent done
Event: 5.819 Executing VM operation: G1Concurrent
Event: 5.819 Executing VM operation: G1Concurrent done
Event: 5.932 Executing VM operation: HandshakeAllThreads
Event: 5.932 Executing VM operation: HandshakeAllThreads done
Event: 5.956 Executing VM operation: HandshakeAllThreads
Event: 5.956 Executing VM operation: HandshakeAllThreads done
Event: 5.957 Executing VM operation: HandshakeAllThreads
Event: 5.957 Executing VM operation: HandshakeAllThreads done
Event: 6.021 Executing VM operation: HandshakeAllThreads
Event: 6.021 Executing VM operation: HandshakeAllThreads done
Event: 6.088 Executing VM operation: HandshakeAllThreads
Event: 6.088 Executing VM operation: HandshakeAllThreads done
Event: 6.241 Executing VM operation: G1CollectForAllocation
Event: 6.248 Executing VM operation: G1CollectForAllocation done
Event: 6.508 Executing VM operation: G1CollectForAllocation
Event: 6.512 Executing VM operation: G1CollectForAllocation done
Event: 6.812 Executing VM operation: G1CollectForAllocation
Event: 6.819 Executing VM operation: G1CollectForAllocation done
Event: 7.176 Executing VM operation: G1CollectForAllocation

Events (20 events):
Event: 7.121 loading class java/util/concurrent/SynchronousQueue$TransferQueue
Event: 7.121 loading class java/util/concurrent/SynchronousQueue$TransferQueue done
Event: 7.121 loading class java/util/concurrent/SynchronousQueue$TransferQueue$QNode
Event: 7.121 loading class java/util/concurrent/SynchronousQueue$TransferQueue$QNode done
Event: 7.123 loading class java/util/concurrent/ThreadPoolExecutor$DiscardPolicy
Event: 7.123 loading class java/util/concurrent/ThreadPoolExecutor$DiscardPolicy done
Event: 7.126 loading class java/util/concurrent/atomic/AtomicIntegerFieldUpdater
Event: 7.126 loading class java/util/concurrent/atomic/AtomicIntegerFieldUpdater done
Event: 7.126 loading class java/util/concurrent/atomic/AtomicIntegerFieldUpdater$AtomicIntegerFieldUpdaterImpl
Event: 7.126 loading class java/util/concurrent/atomic/AtomicIntegerFieldUpdater$AtomicIntegerFieldUpdaterImpl done
Event: 7.126 loading class java/util/concurrent/atomic/AtomicIntegerFieldUpdater$AtomicIntegerFieldUpdaterImpl$1
Event: 7.126 loading class java/util/concurrent/atomic/AtomicIntegerFieldUpdater$AtomicIntegerFieldUpdaterImpl$1 done
Event: 7.137 loading class java/io/StringWriter
Event: 7.137 loading class java/io/StringWriter done
Event: 7.154 loading class jdk/internal/math/FDBigInteger
Event: 7.154 loading class jdk/internal/math/FDBigInteger done
Event: 7.156 loading class java/util/Collections$UnmodifiableMap$UnmodifiableEntrySet$UnmodifiableEntrySetSpliterator
Event: 7.156 loading class java/util/Collections$UnmodifiableMap$UnmodifiableEntrySet$UnmodifiableEntrySetSpliterator done
Event: 7.156 loading class java/util/HashMap$EntrySpliterator
Event: 7.156 loading class java/util/HashMap$EntrySpliterator done


Dynamic libraries:
0x00007ff6ae760000 - 0x00007ff6ae770000 	C:\Program Files\Java\jdk-17\bin\javaw.exe
0x00007ffa8a210000 - 0x00007ffa8a408000 	C:\WINDOWS\SYSTEM32\ntdll.dll
0x00007ffa88790000 - 0x00007ffa8884f000 	C:\WINDOWS\System32\KERNEL32.DLL
0x00007ffa87b90000 - 0x00007ffa87e86000 	C:\WINDOWS\System32\KERNELBASE.dll
0x00007ffa878f0000 - 0x00007ffa879f0000 	C:\WINDOWS\System32\ucrtbase.dll
0x00007ffa70d80000 - 0x00007ffa70d9b000 	C:\Program Files\Java\jdk-17\bin\VCRUNTIME140.dll
0x00007ffa70420000 - 0x00007ffa70438000 	C:\Program Files\Java\jdk-17\bin\jli.dll
0x00007ffa886e0000 - 0x00007ffa8878f000 	C:\WINDOWS\System32\ADVAPI32.dll
0x00007ffa89140000 - 0x00007ffa891de000 	C:\WINDOWS\System32\msvcrt.dll
0x00007ffa89e40000 - 0x00007ffa89edc000 	C:\WINDOWS\System32\sechost.dll
0x00007ffa89b50000 - 0x00007ffa89c76000 	C:\WINDOWS\System32\RPCRT4.dll
0x00007ffa89310000 - 0x00007ffa894ad000 	C:\WINDOWS\System32\USER32.dll
0x00007ffa87f30000 - 0x00007ffa87f52000 	C:\WINDOWS\System32\win32u.dll
0x00007ffa89510000 - 0x00007ffa8953c000 	C:\WINDOWS\System32\GDI32.dll
0x00007ffa71f80000 - 0x00007ffa7221a000 	C:\WINDOWS\WinSxS\amd64_microsoft.windows.common-controls_6595b64144ccf1df_6.0.19041.1110_none_60b5254171f9507e\COMCTL32.dll
0x00007ffa879f0000 - 0x00007ffa87b05000 	C:\WINDOWS\System32\gdi32full.dll
0x00007ffa87e90000 - 0x00007ffa87f2d000 	C:\WINDOWS\System32\msvcp_win.dll
0x00007ffa7bc20000 - 0x00007ffa7bc2a000 	C:\WINDOWS\SYSTEM32\VERSION.dll
0x00007ffa89030000 - 0x00007ffa89060000 	C:\WINDOWS\System32\IMM32.DLL
0x00007ffa82e40000 - 0x00007ffa82e4c000 	C:\Program Files\Java\jdk-17\bin\vcruntime140_1.dll
0x00007ffa61b70000 - 0x00007ffa61bfe000 	C:\Program Files\Java\jdk-17\bin\msvcp140.dll
0x00007ffa312e0000 - 0x00007ffa31eb7000 	C:\Program Files\Java\jdk-17\bin\server\jvm.dll
0x00007ffa89e30000 - 0x00007ffa89e38000 	C:\WINDOWS\System32\PSAPI.DLL
0x00007ffa60310000 - 0x00007ffa60319000 	C:\WINDOWS\SYSTEM32\WSOCK32.dll
0x00007ffa89a30000 - 0x00007ffa89a9b000 	C:\WINDOWS\System32\WS2_32.dll
0x00007ffa7c710000 - 0x00007ffa7c737000 	C:\WINDOWS\SYSTEM32\WINMM.dll
0x00007ffa86120000 - 0x00007ffa86132000 	C:\WINDOWS\SYSTEM32\kernel.appcore.dll
0x00007ffa7deb0000 - 0x00007ffa7deba000 	C:\Program Files\Java\jdk-17\bin\jimage.dll
0x00007ffa85460000 - 0x00007ffa85644000 	C:\WINDOWS\SYSTEM32\DBGHELP.DLL
0x00007ffa6cd30000 - 0x00007ffa6cd64000 	C:\WINDOWS\SYSTEM32\dbgcore.DLL
0x00007ffa87f60000 - 0x00007ffa87fe2000 	C:\WINDOWS\System32\bcryptPrimitives.dll
0x00007ffa7aca0000 - 0x00007ffa7acae000 	C:\Program Files\Java\jdk-17\bin\instrument.dll
0x00007ffa70070000 - 0x00007ffa70095000 	C:\Program Files\Java\jdk-17\bin\java.dll
0x00007ffa61a90000 - 0x00007ffa61b67000 	C:\Program Files\Java\jdk-17\bin\jsvml.dll
0x00007ffa88870000 - 0x00007ffa88fb4000 	C:\WINDOWS\System32\SHELL32.dll
0x00007ffa85970000 - 0x00007ffa86103000 	C:\WINDOWS\SYSTEM32\windows.storage.dll
0x00007ffa89540000 - 0x00007ffa89894000 	C:\WINDOWS\System32\combase.dll
0x00007ffa87330000 - 0x00007ffa8735e000 	C:\WINDOWS\SYSTEM32\Wldp.dll
0x00007ffa89260000 - 0x00007ffa8930d000 	C:\WINDOWS\System32\SHCORE.dll
0x00007ffa899d0000 - 0x00007ffa89a25000 	C:\WINDOWS\System32\shlwapi.dll
0x00007ffa87820000 - 0x00007ffa87845000 	C:\WINDOWS\SYSTEM32\profapi.dll
0x00007ffa6feb0000 - 0x00007ffa6fec8000 	C:\Program Files\Java\jdk-17\bin\zip.dll
0x00007ffa6fe30000 - 0x00007ffa6fe49000 	C:\Program Files\Java\jdk-17\bin\net.dll
0x00007ffa81df0000 - 0x00007ffa81efa000 	C:\WINDOWS\SYSTEM32\WINHTTP.dll
0x00007ffa87090000 - 0x00007ffa870fa000 	C:\WINDOWS\system32\mswsock.dll
0x00007ffa6fe10000 - 0x00007ffa6fe26000 	C:\Program Files\Java\jdk-17\bin\nio.dll
0x00007ffa79ff0000 - 0x00007ffa7a000000 	C:\Program Files\Java\jdk-17\bin\verify.dll
0x00007ffa508c0000 - 0x00007ffa508d7000 	C:\WINDOWS\system32\napinsp.dll
0x00007ffa508a0000 - 0x00007ffa508bb000 	C:\WINDOWS\system32\pnrpnsp.dll
0x00007ffa50880000 - 0x00007ffa50895000 	C:\WINDOWS\system32\wshbth.dll
0x00007ffa82d90000 - 0x00007ffa82dad000 	C:\WINDOWS\system32\NLAapi.dll
0x00007ffa86d30000 - 0x00007ffa86d6b000 	C:\WINDOWS\SYSTEM32\IPHLPAPI.DLL
0x00007ffa86d80000 - 0x00007ffa86e4a000 	C:\WINDOWS\SYSTEM32\DNSAPI.dll
0x00007ffa8a040000 - 0x00007ffa8a048000 	C:\WINDOWS\System32\NSI.dll
0x00007ffa50700000 - 0x00007ffa50712000 	C:\WINDOWS\System32\winrnr.dll
0x00007ffa7ab30000 - 0x00007ffa7ab3a000 	C:\Windows\System32\rasadhlp.dll
0x00007ffa77c00000 - 0x00007ffa77c82000 	C:\WINDOWS\System32\fwpuclnt.dll
0x00007ffa87b60000 - 0x00007ffa87b87000 	C:\WINDOWS\System32\bcrypt.dll
0x00007ffa79690000 - 0x00007ffa796a7000 	C:\WINDOWS\SYSTEM32\dhcpcsvc6.DLL
0x00007ffa7bc00000 - 0x00007ffa7bc1d000 	C:\WINDOWS\SYSTEM32\dhcpcsvc.DLL
0x00007ffa82e00000 - 0x00007ffa82e0a000 	C:\Program Files\Java\jdk-17\bin\management.dll
0x00007ffa71590000 - 0x00007ffa7159b000 	C:\Program Files\Java\jdk-17\bin\management_ext.dll
0x00007ffa87280000 - 0x00007ffa87298000 	C:\WINDOWS\SYSTEM32\CRYPTSP.dll
0x00007ffa86930000 - 0x00007ffa86964000 	C:\WINDOWS\system32\rsaenh.dll
0x00007ffa877e0000 - 0x00007ffa8780e000 	C:\WINDOWS\SYSTEM32\USERENV.dll
0x00007ffa872a0000 - 0x00007ffa872ac000 	C:\WINDOWS\SYSTEM32\CRYPTBASE.dll
0x00007ffa71820000 - 0x00007ffa7182d000 	C:\Program Files\Java\jdk-17\bin\sunmscapi.dll
0x00007ffa880a0000 - 0x00007ffa881fe000 	C:\WINDOWS\System32\CRYPT32.dll
0x00007ffa873a0000 - 0x00007ffa873c8000 	C:\WINDOWS\SYSTEM32\ncrypt.dll
0x00007ffa87360000 - 0x00007ffa8739b000 	C:\WINDOWS\SYSTEM32\NTASN1.dll

dbghelp: loaded successfully - version: 4.0.5 - missing functions: none
symbol engine: initialized successfully - sym options: 0x614 - pdb path: .;C:\Program Files\Java\jdk-17\bin;C:\WINDOWS\SYSTEM32;C:\WINDOWS\WinSxS\amd64_microsoft.windows.common-controls_6595b64144ccf1df_6.0.19041.1110_none_60b5254171f9507e;C:\Program Files\Java\jdk-17\bin\server

VM Arguments:
jvm_args: -javaagent:D:\jee-2023-06\eclipse\configuration\org.eclipse.osgi\926\0\.cp\jacocoagent.jar=includes=*,excludes=,exclclassloader=sun.reflect.DelegatingClassLoader,output=tcpclient,port=49948 -Dfile.encoding=UTF-8 -XX:+ShowCodeDetailsInExceptionMessages 
java_command: com.shopeeClone.shopeeClone.ShopeeCloneApplication
java_class_path (initial): D:\BE2302\sercurity\shopeeClone\target\classes;C:\Users\SimpLe\.m2\repository\org\springframework\boot\spring-boot-starter-data-jpa\3.1.2\spring-boot-starter-data-jpa-3.1.2.jar;C:\Users\SimpLe\.m2\repository\org\springframework\boot\spring-boot-starter-aop\3.1.2\spring-boot-starter-aop-3.1.2.jar;C:\Users\SimpLe\.m2\repository\org\aspectj\aspectjweaver\1.9.19\aspectjweaver-1.9.19.jar;C:\Users\SimpLe\.m2\repository\org\springframework\boot\spring-boot-starter-jdbc\3.1.2\spring-boot-starter-jdbc-3.1.2.jar;C:\Users\SimpLe\.m2\repository\com\zaxxer\HikariCP\5.0.1\HikariCP-5.0.1.jar;C:\Users\SimpLe\.m2\repository\org\springframework\spring-jdbc\6.0.11\spring-jdbc-6.0.11.jar;C:\Users\SimpLe\.m2\repository\org\hibernate\orm\hibernate-core\6.2.6.Final\hibernate-core-6.2.6.Final.jar;C:\Users\SimpLe\.m2\repository\jakarta\persistence\jakarta.persistence-api\3.1.0\jakarta.persistence-api-3.1.0.jar;C:\Users\SimpLe\.m2\repository\jakarta\transaction\jakarta.transaction-api\2.0.1\jakarta.transaction-api-2.0.1.jar;C:\Users\SimpLe\.m2\repository\org\jboss\logging\jboss-logging\3.5.3.Final\jboss-logging-3.5.3.Final.jar;C:\Users\SimpLe\.m2\repository\org\hibernate\common\hibernate-commons-annotations\6.0.6.Final\hibernate-commons-annotations-6.0.6.Final.jar;C:\Users\SimpLe\.m2\repository\io\smallrye\jandex\3.0.5\jandex-3.0.5.jar;C:\Users\SimpLe\.m2\repository\com\fasterxml\classmate\1.5.1\classmate-1.5.1.jar;C:\Users\SimpLe\.m2\repository\net\bytebuddy\byte-buddy\1.14.5\byte-buddy-1.14.5.jar;C:\Users\SimpLe\.m2\repository\org\glassfish\jaxb\jaxb-runtime\4.0.3\jaxb-runtime-4.0.3.jar;C:\Users\SimpLe\.m2\repository\org\glassfish\jaxb\jaxb-core\4.0.3\jaxb-core-4.0.3.jar;C:\Users\SimpLe\.m2\repository\org\eclipse\angus\angus-activation\2.0.1\angus-activation-2.0.1.jar;C:\Users\SimpLe\.m2\repository\org\glassfish\jaxb\txw2\4.0.3\txw2-4.0.3.jar;C:\Users\SimpLe\.m2\repository\com\sun\istack\istack-commons-runtime\4.1.2\istack-commons-runtime-4.1.2.jar;C:\Users\Sim
Launcher Type: SUN_STANDARD

[Global flags]
     intx CICompilerCount                          = 3                                         {product} {ergonomic}
     uint ConcGCThreads                            = 1                                         {product} {ergonomic}
     uint G1ConcRefinementThreads                  = 4                                         {product} {ergonomic}
   size_t G1HeapRegionSize                         = 1048576                                   {product} {ergonomic}
    uintx GCDrainStackTargetSize                   = 64                                        {product} {ergonomic}
   size_t InitialHeapSize                          = 130023424                                 {product} {ergonomic}
   size_t MarkStackSize                            = 4194304                                   {product} {ergonomic}
   size_t MaxHeapSize                              = 2080374784                                {product} {ergonomic}
   size_t MaxNewSize                               = 1247805440                                {product} {ergonomic}
   size_t MinHeapDeltaBytes                        = 1048576                                   {product} {ergonomic}
   size_t MinHeapSize                              = 8388608                                   {product} {ergonomic}
    uintx NonNMethodCodeHeapSize                   = 5832780                                {pd product} {ergonomic}
    uintx NonProfiledCodeHeapSize                  = 122912730                              {pd product} {ergonomic}
    uintx ProfiledCodeHeapSize                     = 122912730                              {pd product} {ergonomic}
    uintx ReservedCodeCacheSize                    = 251658240                              {pd product} {ergonomic}
     bool SegmentedCodeCache                       = true                                      {product} {ergonomic}
     bool ShowCodeDetailsInExceptionMessages       = true                                   {manageable} {command line}
   size_t SoftMaxHeapSize                          = 2080374784                             {manageable} {ergonomic}
     bool UseCompressedClassPointers               = true                           {product lp64_product} {ergonomic}
     bool UseCompressedOops                        = true                           {product lp64_product} {ergonomic}
     bool UseG1GC                                  = true                                      {product} {ergonomic}
     bool UseLargePagesIndividualAllocation        = false                                  {pd product} {ergonomic}

Logging:
Log output configuration:
 #0: stdout all=warning uptime,level,tags
 #1: stderr all=off uptime,level,tags

Environment Variables:
JAVA_HOME=C:\Program Files\Java\jdk-17
PATH=C:\Program Files\Common Files\Oracle\Java\javapath;C:\Program Files (x86)\Common Files\Oracle\Java\javapath;C:\WINDOWS\system32;C:\WINDOWS;C:\WINDOWS\System32\Wbem;C:\WINDOWS\System32\WindowsPowerShell\v1.0\;C:\WINDOWS\System32\OpenSSH\;C:\Users\SimpLe\AppData\Local\Microsoft\WindowsApps;C:\adb;D:\git,js\js\;D:\git,js\sub\Sublime Text\sublime_text.exe;C:\Program Files\Git\cmd;C:\Program Files\Java\jdk-17\bin;D:\maven\apache-maven-3.9.2\bin;C:\Program Files\MySQL\MySQL Shell 8.0\bin\;C:\Users\SimpLe\AppData\Local\Microsoft\WindowsApps;D:\xampp\php;C:\Program Files\Java\jdk-17\bin;C:\Users\SimpLe\AppData\Local\Programs\Microsoft VS Code\bin;C:\Users\SimpLe\AppData\Roaming\npm;D:\git,js\sub\Sublime Text\sublime_text.exe;D:\git,js\git\Git\git-bash.exe;
USERNAME=SimpLe
OS=Windows_NT
PROCESSOR_IDENTIFIER=Intel64 Family 6 Model 140 Stepping 1, GenuineIntel



---------------  S Y S T E M  ---------------

OS:
 Windows 10 , 64 bit Build 19041 (10.0.19041.3155)
OS uptime: 0 days 3:02 hours

CPU: total 4 (initial active 4) (2 cores per cpu, 2 threads per core) family 6 model 140 stepping 1 microcode 0xa4, cx8, cmov, fxsr, ht, mmx, 3dnowpref, sse, sse2, sse3, ssse3, sse4.1, sse4.2, popcnt, lzcnt, tsc, tscinvbit, avx, avx2, aes, erms, clmul, bmi1, bmi2, adx, avx512f, avx512dq, avx512cd, avx512bw, avx512vl, sha, fma, vzeroupper, avx512_vpopcntdq, avx512_vpclmulqdq, avx512_vaes, avx512_vnni, clflush, clflushopt, clwb, avx512_vbmi2, avx512_vbmi

Memory: 4k page, system-wide physical 7934M (981M free)
TotalPageFile size 12030M (AvailPageFile size 17M)
current process WorkingSet (physical memory assigned to process): 249M, peak: 251M
current process commit charge ("private bytes"): 281M, peak: 315M

vm_info: Java HotSpot(TM) 64-Bit Server VM (17.0.6+9-LTS-190) for windows-amd64 JRE (17.0.6+9-LTS-190), built on Dec  6 2022 15:53:54 by "mach5one" with MS VC++ 17.1 (VS2022)

END.
